# JRE version: 7.0_17-b02
# Java VM: Java HotSpot(TM) Server VM (23.7-b01 mixed mode linux-x86 )
Heap
 PSYoungGen      total 122752K, used 13474K [0xa13a0000, 0xaa180000, 0xb3640000)
  eden space 108224K, 0% used [0xa13a0000,0xa13a0000,0xa7d50000)
  from space 14528K, 92% used [0xa7d50000,0xa8a78b18,0xa8b80000)
  to   space 16832K, 0% used [0xa9110000,0xa9110000,0xaa180000)
 ParOldGen       total 37248K, used 18300K [0x7ce40000, 0x7f2a0000, 0xa13a0000)
  object space 37248K, 49% used [0x7ce40000,0x7e01f2f0,0x7f2a0000)
 PSPermGen       total 16384K, used 14930K [0x78e40000, 0x79e40000, 0x7ce40000)
  object space 16384K, 91% used [0x78e40000,0x79cd48d8,0x79e40000)
GC Heap History (10 events):
Event: 2.492 GC heap after
Heap after GC invocations=3 (full 0):
 PSYoungGen      total 30208K, used 2288K [0xa13a0000, 0xa4ea0000, 0xb3640000)
  eden space 27904K, 0% used [0xa13a0000,0xa13a0000,0xa2ee0000)
  from space 2304K, 99% used [0xa2ee0000,0xa311c060,0xa3120000)
  to   space 2304K, 0% used [0xa4c60000,0xa4c60000,0xa4ea0000)
 ParOldGen       total 37248K, used 4328K [0x7ce40000, 0x7f2a0000, 0xa13a0000)
  object space 37248K, 11% used [0x7ce40000,0x7d27a1a0,0x7f2a0000)
 PSPermGen       total 16384K, used 8047K [0x78e40000, 0x79e40000, 0x7ce40000)
  object space 16384K, 49% used [0x78e40000,0x7961bc28,0x79e40000)
}
Event: 3.789 GC heap before
{Heap before GC invocations=4 (full 0):
 PSYoungGen      total 30208K, used 30192K [0xa13a0000, 0xa4ea0000, 0xb3640000)
  eden space 27904K, 100% used [0xa13a0000,0xa2ee0000,0xa2ee0000)
  from space 2304K, 99% used [0xa2ee0000,0xa311c060,0xa3120000)
  to   space 2304K, 0% used [0xa4c60000,0xa4c60000,0xa4ea0000)
 ParOldGen       total 37248K, used 4328K [0x7ce40000, 0x7f2a0000, 0xa13a0000)
  object space 37248K, 11% used [0x7ce40000,0x7d27a1a0,0x7f2a0000)
 PSPermGen       total 16384K, used 8484K [0x78e40000, 0x79e40000, 0x7ce40000)
  object space 16384K, 51% used [0x78e40000,0x79689080,0x79e40000)
Event: 3.804 GC heap after
Heap after GC invocations=4 (full 0):
 PSYoungGen      total 58112K, used 2298K [0xa13a0000, 0xa4ea0000, 0xb3640000)
  eden space 55808K, 0% used [0xa13a0000,0xa13a0000,0xa4a20000)
  from space 2304K, 99% used [0xa4c60000,0xa4e9e810,0xa4ea0000)
  to   space 2304K, 0% used [0xa4a20000,0xa4a20000,0xa4c60000)
 ParOldGen       total 37248K, used 6619K [0x7ce40000, 0x7f2a0000, 0xa13a0000)
  object space 37248K, 17% used [0x7ce40000,0x7d4b6c10,0x7f2a0000)
 PSPermGen       total 16384K, used 8484K [0x78e40000, 0x79e40000, 0x7ce40000)
  object space 16384K, 51% used [0x78e40000,0x79689080,0x79e40000)
}
Event: 5.919 GC heap before
{Heap before GC invocations=5 (full 0):
 PSYoungGen      total 58112K, used 58106K [0xa13a0000, 0xa4ea0000, 0xb3640000)
  eden space 55808K, 100% used [0xa13a0000,0xa4a20000,0xa4a20000)
  from space 2304K, 99% used [0xa4c60000,0xa4e9e810,0xa4ea0000)
  to   space 2304K, 0% used [0xa4a20000,0xa4a20000,0xa4c60000)
 ParOldGen       total 37248K, used 6619K [0x7ce40000, 0x7f2a0000, 0xa13a0000)
  object space 37248K, 17% used [0x7ce40000,0x7d4b6c10,0x7f2a0000)
 PSPermGen       total 16384K, used 11106K [0x78e40000, 0x79e40000, 0x7ce40000)
  object space 16384K, 67% used [0x78e40000,0x79918900,0x79e40000)
Event: 5.952 GC heap after
Heap after GC invocations=5 (full 0):
 PSYoungGen      total 58112K, used 2298K [0xa13a0000, 0xa9660000, 0xb3640000)
  eden space 55808K, 0% used [0xa13a0000,0xa13a0000,0xa4a20000)
  from space 2304K, 99% used [0xa4a20000,0xa4c5e810,0xa4c60000)
  to   space 11136K, 0% used [0xa8b80000,0xa8b80000,0xa9660000)
 ParOldGen       total 37248K, used 15959K [0x7ce40000, 0x7f2a0000, 0xa13a0000)
  object space 37248K, 42% used [0x7ce40000,0x7ddd5dc8,0x7f2a0000)
 PSPermGen       total 16384K, used 11106K [0x78e40000, 0x79e40000, 0x7ce40000)
  object space 16384K, 67% used [0x78e40000,0x79918900,0x79e40000)
}
Event: 9.342 GC heap before
{Heap before GC invocations=6 (full 0):
 PSYoungGen      total 58112K, used 58106K [0xa13a0000, 0xa9660000, 0xb3640000)
  eden space 55808K, 100% used [0xa13a0000,0xa4a20000,0xa4a20000)
  from space 2304K, 99% used [0xa4a20000,0xa4c5e810,0xa4c60000)
  to   space 11136K, 0% used [0xa8b80000,0xa8b80000,0xa9660000)
 ParOldGen       total 37248K, used 15959K [0x7ce40000, 0x7f2a0000, 0xa13a0000)
  object space 37248K, 42% used [0x7ce40000,0x7ddd5dc8,0x7f2a0000)
 PSPermGen       total 16384K, used 13698K [0x78e40000, 0x79e40000, 0x7ce40000)
  object space 16384K, 83% used [0x78e40000,0x79ba0870,0x79e40000)
Event: 9.380 GC heap after
Heap after GC invocations=6 (full 0):
 PSYoungGen      total 119360K, used 11125K [0xa13a0000, 0xa9d00000, 0xb3640000)
  eden space 108224K, 0% used [0xa13a0000,0xa13a0000,0xa7d50000)
  from space 11136K, 99% used [0xa8b80000,0xa965d698,0xa9660000)
  to   space 14528K, 0% used [0xa7d50000,0xa7d50000,0xa8b80000)
 ParOldGen       total 37248K, used 17896K [0x7ce40000, 0x7f2a0000, 0xa13a0000)
  object space 37248K, 48% used [0x7ce40000,0x7dfba2e0,0x7f2a0000)
 PSPermGen       total 16384K, used 13698K [0x78e40000, 0x79e40000, 0x7ce40000)
  object space 16384K, 83% used [0x78e40000,0x79ba0870,0x79e40000)
}
Event: 10.931 GC heap before
{Heap before GC invocations=7 (full 0):
 PSYoungGen      total 119360K, used 71201K [0xa13a0000, 0xa9d00000, 0xb3640000)
  eden space 108224K, 55% used [0xa13a0000,0xa4e4af20,0xa7d50000)
  from space 11136K, 99% used [0xa8b80000,0xa965d698,0xa9660000)
  to   space 14528K, 0% used [0xa7d50000,0xa7d50000,0xa8b80000)
 ParOldGen       total 37248K, used 17896K [0x7ce40000, 0x7f2a0000, 0xa13a0000)
  object space 37248K, 48% used [0x7ce40000,0x7dfba2e0,0x7f2a0000)
 PSPermGen       total 16384K, used 14930K [0x78e40000, 0x79e40000, 0x7ce40000)
  object space 16384K, 91% used [0x78e40000,0x79cd48d8,0x79e40000)
Event: 10.975 GC heap after
Heap after GC invocations=7 (full 0):
 PSYoungGen      total 122752K, used 13474K [0xa13a0000, 0xaa180000, 0xb3640000)
  eden space 108224K, 0% used [0xa13a0000,0xa13a0000,0xa7d50000)
  from space 14528K, 92% used [0xa7d50000,0xa8a78b18,0xa8b80000)
  to   space 16832K, 0% used [0xa9110000,0xa9110000,0xaa180000)
 ParOldGen       total 37248K, used 18300K [0x7ce40000, 0x7f2a0000, 0xa13a0000)
  object space 37248K, 49% used [0x7ce40000,0x7e01f2f0,0x7f2a0000)
 PSPermGen       total 16384K, used 14930K [0x78e40000, 0x79e40000, 0x7ce40000)
  object space 16384K, 91% used [0x78e40000,0x79cd48d8,0x79e40000)
}
Event: 10.975 GC heap before
{Heap before GC invocations=8 (full 1):
 PSYoungGen      total 122752K, used 13474K [0xa13a0000, 0xaa180000, 0xb3640000)
  eden space 108224K, 0% used [0xa13a0000,0xa13a0000,0xa7d50000)
  from space 14528K, 92% used [0xa7d50000,0xa8a78b18,0xa8b80000)
  to   space 16832K, 0% used [0xa9110000,0xa9110000,0xaa180000)
 ParOldGen       total 37248K, used 18300K [0x7ce40000, 0x7f2a0000, 0xa13a0000)
  object space 37248K, 49% used [0x7ce40000,0x7e01f2f0,0x7f2a0000)
 PSPermGen       total 16384K, used 14930K [0x78e40000, 0x79e40000, 0x7ce40000)
  object space 16384K, 91% used [0x78e40000,0x79cd48d8,0x79e40000)

