# JRE version: 7.0_17-b02
# Java VM: Java HotSpot(TM) Server VM (23.7-b01 mixed mode linux-x86 )
Heap
 PSYoungGen      total 120832K, used 2611K [0xa1400000, 0xa9340000, 0xb36a0000)
  eden space 111616K, 0% used [0xa1400000,0xa1400000,0xa8100000)
  from space 9216K, 28% used [0xa8a40000,0xa8ccceb8,0xa9340000)
  to   space 9344K, 0% used [0xa8100000,0xa8100000,0xa8a20000)
 ParOldGen       total 37248K, used 13357K [0x7cea0000, 0x7f300000, 0xa1400000)
  object space 37248K, 35% used [0x7cea0000,0x7dbab5e0,0x7f300000)
 PSPermGen       total 16384K, used 11407K [0x78ea0000, 0x79ea0000, 0x7cea0000)
  object space 16384K, 69% used [0x78ea0000,0x799c3fc8,0x79ea0000)
GC Heap History (10 events):
Event: 1.132 GC heap after
Heap after GC invocations=2 (full 0):
 PSYoungGen      total 30208K, used 2245K [0xa1400000, 0xa33c0000, 0xb36a0000)
  eden space 27904K, 0% used [0xa1400000,0xa1400000,0xa2f40000)
  from space 2304K, 97% used [0xa3180000,0xa33b1448,0xa33c0000)
  to   space 2304K, 0% used [0xa2f40000,0xa2f40000,0xa3180000)
 ParOldGen       total 37248K, used 624K [0x7cea0000, 0x7f300000, 0xa1400000)
  object space 37248K, 1% used [0x7cea0000,0x7cf3c328,0x7f300000)
 PSPermGen       total 16384K, used 4905K [0x78ea0000, 0x79ea0000, 0x7cea0000)
  object space 16384K, 29% used [0x78ea0000,0x7936a568,0x79ea0000)
}
Event: 2.200 GC heap before
{Heap before GC invocations=3 (full 0):
 PSYoungGen      total 30208K, used 30149K [0xa1400000, 0xa33c0000, 0xb36a0000)
  eden space 27904K, 100% used [0xa1400000,0xa2f40000,0xa2f40000)
  from space 2304K, 97% used [0xa3180000,0xa33b1448,0xa33c0000)
  to   space 2304K, 0% used [0xa2f40000,0xa2f40000,0xa3180000)
 ParOldGen       total 37248K, used 624K [0x7cea0000, 0x7f300000, 0xa1400000)
  object space 37248K, 1% used [0x7cea0000,0x7cf3c328,0x7f300000)
 PSPermGen       total 16384K, used 8046K [0x78ea0000, 0x79ea0000, 0x7cea0000)
  object space 16384K, 49% used [0x78ea0000,0x7967b8a8,0x79ea0000)
Event: 2.215 GC heap after
Heap after GC invocations=3 (full 0):
 PSYoungGen      total 30208K, used 2290K [0xa1400000, 0xa4f00000, 0xb36a0000)
  eden space 27904K, 0% used [0xa1400000,0xa1400000,0xa2f40000)
  from space 2304K, 99% used [0xa2f40000,0xa317c860,0xa3180000)
  to   space 2304K, 0% used [0xa4cc0000,0xa4cc0000,0xa4f00000)
 ParOldGen       total 37248K, used 4234K [0x7cea0000, 0x7f300000, 0xa1400000)
  object space 37248K, 11% used [0x7cea0000,0x7d2c2880,0x7f300000)
 PSPermGen       total 16384K, used 8046K [0x78ea0000, 0x79ea0000, 0x7cea0000)
  object space 16384K, 49% used [0x78ea0000,0x7967b8a8,0x79ea0000)
}
Event: 3.465 GC heap before
{Heap before GC invocations=4 (full 0):
 PSYoungGen      total 30208K, used 30194K [0xa1400000, 0xa4f00000, 0xb36a0000)
  eden space 27904K, 100% used [0xa1400000,0xa2f40000,0xa2f40000)
  from space 2304K, 99% used [0xa2f40000,0xa317c860,0xa3180000)
  to   space 2304K, 0% used [0xa4cc0000,0xa4cc0000,0xa4f00000)
 ParOldGen       total 37248K, used 4234K [0x7cea0000, 0x7f300000, 0xa1400000)
  object space 37248K, 11% used [0x7cea0000,0x7d2c2880,0x7f300000)
 PSPermGen       total 16384K, used 8294K [0x78ea0000, 0x79ea0000, 0x7cea0000)
  object space 16384K, 50% used [0x78ea0000,0x796b9958,0x79ea0000)
Event: 3.486 GC heap after
Heap after GC invocations=4 (full 0):
 PSYoungGen      total 58112K, used 2298K [0xa1400000, 0xa4f00000, 0xb36a0000)
  eden space 55808K, 0% used [0xa1400000,0xa1400000,0xa4a80000)
  from space 2304K, 99% used [0xa4cc0000,0xa4efe850,0xa4f00000)
  to   space 2304K, 0% used [0xa4a80000,0xa4a80000,0xa4cc0000)
 ParOldGen       total 37248K, used 6089K [0x7cea0000, 0x7f300000, 0xa1400000)
  object space 37248K, 16% used [0x7cea0000,0x7d492678,0x7f300000)
 PSPermGen       total 16384K, used 8294K [0x78ea0000, 0x79ea0000, 0x7cea0000)
  object space 16384K, 50% used [0x78ea0000,0x796b9958,0x79ea0000)
}
Event: 5.480 GC heap before
{Heap before GC invocations=5 (full 0):
 PSYoungGen      total 58112K, used 58106K [0xa1400000, 0xa4f00000, 0xb36a0000)
  eden space 55808K, 100% used [0xa1400000,0xa4a80000,0xa4a80000)
  from space 2304K, 99% used [0xa4cc0000,0xa4efe850,0xa4f00000)
  to   space 2304K, 0% used [0xa4a80000,0xa4a80000,0xa4cc0000)
 ParOldGen       total 37248K, used 6089K [0x7cea0000, 0x7f300000, 0xa1400000)
  object space 37248K, 16% used [0x7cea0000,0x7d492678,0x7f300000)
 PSPermGen       total 16384K, used 11255K [0x78ea0000, 0x79ea0000, 0x7cea0000)
  object space 16384K, 68% used [0x78ea0000,0x7999df68,0x79ea0000)
Event: 5.506 GC heap after
Heap after GC invocations=5 (full 0):
 PSYoungGen      total 58112K, used 2288K [0xa1400000, 0xa9380000, 0xb36a0000)
  eden space 55808K, 0% used [0xa1400000,0xa1400000,0xa4a80000)
  from space 2304K, 99% used [0xa4a80000,0xa4cbc040,0xa4cc0000)
  to   space 9472K, 0% used [0xa8a40000,0xa8a40000,0xa9380000)
 ParOldGen       total 37248K, used 13357K [0x7cea0000, 0x7f300000, 0xa1400000)
  object space 37248K, 35% used [0x7cea0000,0x7dbab5e0,0x7f300000)
 PSPermGen       total 16384K, used 11255K [0x78ea0000, 0x79ea0000, 0x7cea0000)
  object space 16384K, 68% used [0x78ea0000,0x7999df68,0x79ea0000)
}
Event: 13.292 GC heap before
{Heap before GC invocations=6 (full 0):
 PSYoungGen      total 58112K, used 6724K [0xa1400000, 0xa9380000, 0xb36a0000)
  eden space 55808K, 7% used [0xa1400000,0xa1854fe0,0xa4a80000)
  from space 2304K, 99% used [0xa4a80000,0xa4cbc040,0xa4cc0000)
  to   space 9472K, 0% used [0xa8a40000,0xa8a40000,0xa9380000)
 ParOldGen       total 37248K, used 13357K [0x7cea0000, 0x7f300000, 0xa1400000)
  object space 37248K, 35% used [0x7cea0000,0x7dbab5e0,0x7f300000)
 PSPermGen       total 16384K, used 11407K [0x78ea0000, 0x79ea0000, 0x7cea0000)
  object space 16384K, 69% used [0x78ea0000,0x799c3fc8,0x79ea0000)
Event: 13.301 GC heap after
Heap after GC invocations=6 (full 0):
 PSYoungGen      total 120832K, used 2611K [0xa1400000, 0xa9340000, 0xb36a0000)
  eden space 111616K, 0% used [0xa1400000,0xa1400000,0xa8100000)
  from space 9216K, 28% used [0xa8a40000,0xa8ccceb8,0xa9340000)
  to   space 9344K, 0% used [0xa8100000,0xa8100000,0xa8a20000)
 ParOldGen       total 37248K, used 13357K [0x7cea0000, 0x7f300000, 0xa1400000)
  object space 37248K, 35% used [0x7cea0000,0x7dbab5e0,0x7f300000)
 PSPermGen       total 16384K, used 11407K [0x78ea0000, 0x79ea0000, 0x7cea0000)
  object space 16384K, 69% used [0x78ea0000,0x799c3fc8,0x79ea0000)
}
Event: 13.301 GC heap before
{Heap before GC invocations=7 (full 1):
 PSYoungGen      total 120832K, used 2611K [0xa1400000, 0xa9340000, 0xb36a0000)
  eden space 111616K, 0% used [0xa1400000,0xa1400000,0xa8100000)
  from space 9216K, 28% used [0xa8a40000,0xa8ccceb8,0xa9340000)
  to   space 9344K, 0% used [0xa8100000,0xa8100000,0xa8a20000)
 ParOldGen       total 37248K, used 13357K [0x7cea0000, 0x7f300000, 0xa1400000)
  object space 37248K, 35% used [0x7cea0000,0x7dbab5e0,0x7f300000)
 PSPermGen       total 16384K, used 11407K [0x78ea0000, 0x79ea0000, 0x7cea0000)
  object space 16384K, 69% used [0x78ea0000,0x799c3fc8,0x79ea0000)

