# JRE version: 7.0_17-b02
# Java VM: Java HotSpot(TM) Server VM (23.7-b01 mixed mode linux-x86 )
Heap
 PSYoungGen      total 123072K, used 14334K [0xa1360000, 0xaa300000, 0xb3600000)
  eden space 108736K, 0% used [0xa1360000,0xa1360000,0xa7d90000)
  from space 14336K, 99% used [0xa7d90000,0xa8b8fa68,0xa8b90000)
  to   space 17728K, 0% used [0xa91b0000,0xa91b0000,0xaa300000)
 ParOldGen       total 37248K, used 18509K [0x7ce00000, 0x7f260000, 0xa1360000)
  object space 37248K, 49% used [0x7ce00000,0x7e0137d8,0x7f260000)
 PSPermGen       total 16384K, used 14945K [0x78e00000, 0x79e00000, 0x7ce00000)
  object space 16384K, 91% used [0x78e00000,0x79c98458,0x79e00000)
GC Heap History (10 events):
Event: 2.196 GC heap after
Heap after GC invocations=3 (full 0):
 PSYoungGen      total 30208K, used 2298K [0xa1360000, 0xa4e60000, 0xb3600000)
  eden space 27904K, 0% used [0xa1360000,0xa1360000,0xa2ea0000)
  from space 2304K, 99% used [0xa2ea0000,0xa30de820,0xa30e0000)
  to   space 2304K, 0% used [0xa4c20000,0xa4c20000,0xa4e60000)
 ParOldGen       total 37248K, used 4224K [0x7ce00000, 0x7f260000, 0xa1360000)
  object space 37248K, 11% used [0x7ce00000,0x7d2203b0,0x7f260000)
 PSPermGen       total 16384K, used 8048K [0x78e00000, 0x79e00000, 0x7ce00000)
  object space 16384K, 49% used [0x78e00000,0x795dc398,0x79e00000)
}
Event: 3.458 GC heap before
{Heap before GC invocations=4 (full 0):
 PSYoungGen      total 30208K, used 30202K [0xa1360000, 0xa4e60000, 0xb3600000)
  eden space 27904K, 100% used [0xa1360000,0xa2ea0000,0xa2ea0000)
  from space 2304K, 99% used [0xa2ea0000,0xa30de820,0xa30e0000)
  to   space 2304K, 0% used [0xa4c20000,0xa4c20000,0xa4e60000)
 ParOldGen       total 37248K, used 4224K [0x7ce00000, 0x7f260000, 0xa1360000)
  object space 37248K, 11% used [0x7ce00000,0x7d2203b0,0x7f260000)
 PSPermGen       total 16384K, used 8485K [0x78e00000, 0x79e00000, 0x7ce00000)
  object space 16384K, 51% used [0x78e00000,0x79649570,0x79e00000)
Event: 3.481 GC heap after
Heap after GC invocations=4 (full 0):
 PSYoungGen      total 58112K, used 2290K [0xa1360000, 0xa4e60000, 0xb3600000)
  eden space 55808K, 0% used [0xa1360000,0xa1360000,0xa49e0000)
  from space 2304K, 99% used [0xa4c20000,0xa4e5c830,0xa4e60000)
  to   space 2304K, 0% used [0xa49e0000,0xa49e0000,0xa4c20000)
 ParOldGen       total 37248K, used 6742K [0x7ce00000, 0x7f260000, 0xa1360000)
  object space 37248K, 18% used [0x7ce00000,0x7d495858,0x7f260000)
 PSPermGen       total 16384K, used 8485K [0x78e00000, 0x79e00000, 0x7ce00000)
  object space 16384K, 51% used [0x78e00000,0x79649570,0x79e00000)
}
Event: 5.700 GC heap before
{Heap before GC invocations=5 (full 0):
 PSYoungGen      total 58112K, used 58098K [0xa1360000, 0xa4e60000, 0xb3600000)
  eden space 55808K, 100% used [0xa1360000,0xa49e0000,0xa49e0000)
  from space 2304K, 99% used [0xa4c20000,0xa4e5c830,0xa4e60000)
  to   space 2304K, 0% used [0xa49e0000,0xa49e0000,0xa4c20000)
 ParOldGen       total 37248K, used 6742K [0x7ce00000, 0x7f260000, 0xa1360000)
  object space 37248K, 18% used [0x7ce00000,0x7d495858,0x7f260000)
 PSPermGen       total 16384K, used 11103K [0x78e00000, 0x79e00000, 0x7ce00000)
  object space 16384K, 67% used [0x78e00000,0x798d7cb0,0x79e00000)
Event: 5.730 GC heap after
Heap after GC invocations=5 (full 0):
 PSYoungGen      total 58112K, used 2290K [0xa1360000, 0xa96c0000, 0xb3600000)
  eden space 55808K, 0% used [0xa1360000,0xa1360000,0xa49e0000)
  from space 2304K, 99% used [0xa49e0000,0xa4c1c830,0xa4c20000)
  to   space 11456K, 0% used [0xa8b90000,0xa8b90000,0xa96c0000)
 ParOldGen       total 37248K, used 16362K [0x7ce00000, 0x7f260000, 0xa1360000)
  object space 37248K, 43% used [0x7ce00000,0x7ddfa858,0x7f260000)
 PSPermGen       total 16384K, used 11103K [0x78e00000, 0x79e00000, 0x7ce00000)
  object space 16384K, 67% used [0x78e00000,0x798d7cb0,0x79e00000)
}
Event: 9.333 GC heap before
{Heap before GC invocations=6 (full 0):
 PSYoungGen      total 58112K, used 58098K [0xa1360000, 0xa96c0000, 0xb3600000)
  eden space 55808K, 100% used [0xa1360000,0xa49e0000,0xa49e0000)
  from space 2304K, 99% used [0xa49e0000,0xa4c1c830,0xa4c20000)
  to   space 11456K, 0% used [0xa8b90000,0xa8b90000,0xa96c0000)
 ParOldGen       total 37248K, used 16362K [0x7ce00000, 0x7f260000, 0xa1360000)
  object space 37248K, 43% used [0x7ce00000,0x7ddfa858,0x7f260000)
 PSPermGen       total 16384K, used 13544K [0x78e00000, 0x79e00000, 0x7ce00000)
  object space 16384K, 82% used [0x78e00000,0x79b3a160,0x79e00000)
Event: 9.390 GC heap after
Heap after GC invocations=6 (full 0):
 PSYoungGen      total 120192K, used 11448K [0xa1360000, 0xa9c60000, 0xb3600000)
  eden space 108736K, 0% used [0xa1360000,0xa1360000,0xa7d90000)
  from space 11456K, 99% used [0xa8b90000,0xa96be160,0xa96c0000)
  to   space 14336K, 0% used [0xa7d90000,0xa7d90000,0xa8b90000)
 ParOldGen       total 37248K, used 17249K [0x7ce00000, 0x7f260000, 0xa1360000)
  object space 37248K, 46% used [0x7ce00000,0x7ded85a0,0x7f260000)
 PSPermGen       total 16384K, used 13544K [0x78e00000, 0x79e00000, 0x7ce00000)
  object space 16384K, 82% used [0x78e00000,0x79b3a160,0x79e00000)
}
Event: 11.781 GC heap before
{Heap before GC invocations=7 (full 0):
 PSYoungGen      total 120192K, used 77771K [0xa1360000, 0xa9c60000, 0xb3600000)
  eden space 108736K, 60% used [0xa1360000,0xa5424c38,0xa7d90000)
  from space 11456K, 99% used [0xa8b90000,0xa96be160,0xa96c0000)
  to   space 14336K, 0% used [0xa7d90000,0xa7d90000,0xa8b90000)
 ParOldGen       total 37248K, used 17249K [0x7ce00000, 0x7f260000, 0xa1360000)
  object space 37248K, 46% used [0x7ce00000,0x7ded85a0,0x7f260000)
 PSPermGen       total 16384K, used 14945K [0x78e00000, 0x79e00000, 0x7ce00000)
  object space 16384K, 91% used [0x78e00000,0x79c98458,0x79e00000)
Event: 11.836 GC heap after
Heap after GC invocations=7 (full 0):
 PSYoungGen      total 123072K, used 14334K [0xa1360000, 0xaa300000, 0xb3600000)
  eden space 108736K, 0% used [0xa1360000,0xa1360000,0xa7d90000)
  from space 14336K, 99% used [0xa7d90000,0xa8b8fa68,0xa8b90000)
  to   space 17728K, 0% used [0xa91b0000,0xa91b0000,0xaa300000)
 ParOldGen       total 37248K, used 18509K [0x7ce00000, 0x7f260000, 0xa1360000)
  object space 37248K, 49% used [0x7ce00000,0x7e0137d8,0x7f260000)
 PSPermGen       total 16384K, used 14945K [0x78e00000, 0x79e00000, 0x7ce00000)
  object space 16384K, 91% used [0x78e00000,0x79c98458,0x79e00000)
}
Event: 11.836 GC heap before
{Heap before GC invocations=8 (full 1):
 PSYoungGen      total 123072K, used 14334K [0xa1360000, 0xaa300000, 0xb3600000)
  eden space 108736K, 0% used [0xa1360000,0xa1360000,0xa7d90000)
  from space 14336K, 99% used [0xa7d90000,0xa8b8fa68,0xa8b90000)
  to   space 17728K, 0% used [0xa91b0000,0xa91b0000,0xaa300000)
 ParOldGen       total 37248K, used 18509K [0x7ce00000, 0x7f260000, 0xa1360000)
  object space 37248K, 49% used [0x7ce00000,0x7e0137d8,0x7f260000)
 PSPermGen       total 16384K, used 14945K [0x78e00000, 0x79e00000, 0x7ce00000)
  object space 16384K, 91% used [0x78e00000,0x79c98458,0x79e00000)

